<?xml version="1.0" encoding="UTF-8"?>
<!-- Generated by org.testng.reporters.JUnitReportReporter -->
<testsuite hostname="LM-TXL-00389681" name="sh.calaba.driver.server.CreateSessionTests" tests="3" failures="1" timestamp="6 Dec 2012 12:52:58 GMT" time="0.431" errors="0">
  <testcase name="sessionIsNotInitCausedByFromCapa" time="0.336" classname="sh.calaba.driver.server.CreateSessionTests"/>
  <testcase name="getSessionCapabilities" time="0.023" classname="sh.calaba.driver.server.CreateSessionTests">
    <failure type="sh.calaba.driver.exceptions.CalabashException" message=" , org.apache.http.conn.HttpHostConnectException: Connection to http://localhost:34778 refused">
      <![CDATA[sh.calaba.driver.exceptions.CalabashException:  , org.apache.http.conn.HttpHostConnectException: Connection to http://localhost:34778 refused
	at sh.calaba.driver.model.CalabashAndroidDriver.start(CalabashAndroidDriver.java:75)
	at sh.calaba.driver.model.CalabashAndroidDriver.<init>(CalabashAndroidDriver.java:53)
	at sh.calaba.driver.client.RemoteCalabashAndroidDriver.<init>(RemoteCalabashAndroidDriver.java:65)
	at sh.calaba.driver.server.CreateSessionTests.getSessionCapabilities(CreateSessionTests.java:79)
	at sun.reflect.NativeMethodAccessorImpl.invoke0(Native Method)
	at sun.reflect.NativeMethodAccessorImpl.invoke(NativeMethodAccessorImpl.java:39)
	at sun.reflect.DelegatingMethodAccessorImpl.invoke(DelegatingMethodAccessorImpl.java:25)
	at java.lang.reflect.Method.invoke(Method.java:597)
	at org.testng.internal.MethodInvocationHelper.invokeMethod(MethodInvocationHelper.java:80)
	at org.testng.internal.Invoker.invokeMethod(Invoker.java:714)
	at org.testng.internal.Invoker.invokeTestMethod(Invoker.java:901)
	at org.testng.internal.Invoker.invokeTestMethods(Invoker.java:1231)
	at org.testng.internal.TestMethodWorker.invokeTestMethods(TestMethodWorker.java:128)
	at org.testng.internal.TestMethodWorker.run(TestMethodWorker.java:111)
	at org.testng.TestRunner.privateRun(TestRunner.java:767)
	at org.testng.TestRunner.run(TestRunner.java:617)
	at org.testng.SuiteRunner.runTest(SuiteRunner.java:334)
	at org.testng.SuiteRunner.runSequentially(SuiteRunner.java:329)
	at org.testng.SuiteRunner.privateRun(SuiteRunner.java:291)
	at org.testng.SuiteRunner.run(SuiteRunner.java:240)
	at org.testng.SuiteRunnerWorker.runSuite(SuiteRunnerWorker.java:52)
	at org.testng.SuiteRunnerWorker.run(SuiteRunnerWorker.java:86)
	at org.testng.TestNG.runSuitesSequentially(TestNG.java:1203)
	at org.testng.TestNG.runSuitesLocally(TestNG.java:1128)
	at org.testng.TestNG.run(TestNG.java:1036)
	at org.testng.remote.RemoteTestNG.run(RemoteTestNG.java:111)
	at org.testng.remote.RemoteTestNG.initAndRun(RemoteTestNG.java:204)
	at org.testng.remote.RemoteTestNG.main(RemoteTestNG.java:175)
]]>
    </failure>
  </testcase> <!-- getSessionCapabilities -->
  <testcase name="getAllSessionCapabilities" time="0.072" classname="sh.calaba.driver.server.CreateSessionTests"/>
</testsuite> <!-- sh.calaba.driver.server.CreateSessionTests -->
