<?xml version="1.0" encoding="UTF-8" ?>
<testsuite failures="0" time="7.903" errors="0" skipped="0" tests="12" name="TestSuite">
  <properties>
[...]
</properties>
  <testcase time="0.002" classname="sh.calaba.driver.server.internal.impl.CalabashCapabilityMatcherTest" name="doesntMatchConsideredCapa"/>
  <testcase time="0" classname="sh.calaba.driver.server.internal.impl.CalabashCapabilityMatcherTest" name="doesntMatchMinimumCapa"/>
  <testcase time="0" classname="sh.calaba.driver.server.internal.impl.CalabashCapabilityMatcherTest" name="matchConsideredCapa"/>
  <testcase time="0" classname="sh.calaba.driver.server.internal.impl.CalabashCapabilityMatcherTest" name="matchMinimumCapa"/>
  <testcase time="0" classname="sh.calaba.driver.server.internal.impl.CalabashCapabilityMatcherTest" name="onlyDefaultCapabilitiesAreConsidered"/>
  <testcase time="0.411" classname="sh.calaba.driver.server.CalabashInstrumentationServerStubTest" name="runServer"/>
  <testcase time="0.024" classname="sh.calaba.driver.server.CalabashNodeConfigurationTest" name="testReadConfigByFile"/>
  <testcase time="0" classname="sh.calaba.driver.server.CalabashNodeConfigurationTest" name="testReadConfigByFileInvalidFilePath"/>
  <testcase time="0" classname="sh.calaba.driver.server.CalabashNodeConfigurationTest" name="testReadConfigByFileNullInput"/>
  <testcase time="3.015" classname="sh.calaba.driver.server.CalabashNodeConfigurationTest" name="testReadConfigByURI"/>
  <testcase time="0" classname="sh.calaba.driver.server.CalabashNodeConfigurationTest" name="testReadConfigByURIInvalidURI"/>
  <testcase time="0" classname="sh.calaba.driver.server.CalabashNodeConfigurationTest" name="testReadConfigByURINullInput"/>
</testsuite>