<?xml version="1.0" encoding="UTF-8"?>
<!-- Generated by org.testng.reporters.JUnitXMLReporter -->
<testsuite hostname="LM-TXL-00389681" name="Command line test" tests="12" failures="0" timestamp="12 Dec 2012 21:42:30 GMT" time="6.501" errors="0">
  <testcase name="doesntMatchConsideredCapa" time="0.003" classname="sh.calaba.driver.server.internal.impl.CalabashCapabilityMatcherTest"/>
  <testcase name="doesntMatchMinimumCapa" time="0.0" classname="sh.calaba.driver.server.internal.impl.CalabashCapabilityMatcherTest"/>
  <testcase name="matchConsideredCapa" time="0.0" classname="sh.calaba.driver.server.internal.impl.CalabashCapabilityMatcherTest"/>
  <testcase name="matchMinimumCapa" time="0.0" classname="sh.calaba.driver.server.internal.impl.CalabashCapabilityMatcherTest"/>
  <testcase name="onlyDefaultCapabilitiesAreConsidered" time="0.0" classname="sh.calaba.driver.server.internal.impl.CalabashCapabilityMatcherTest"/>
  <testcase name="runServer" time="0.411" classname="sh.calaba.driver.server.CalabashInstrumentationServerStubTest"/>
  <testcase name="testReadConfigByFile" time="0.024" classname="sh.calaba.driver.server.CalabashNodeConfigurationTest"/>
  <testcase name="testReadConfigByFileInvalidFilePath" time="0.0" classname="sh.calaba.driver.server.CalabashNodeConfigurationTest"/>
  <testcase name="testReadConfigByFileNullInput" time="0.0" classname="sh.calaba.driver.server.CalabashNodeConfigurationTest"/>
  <testcase name="testReadConfigByURI" time="3.015" classname="sh.calaba.driver.server.CalabashNodeConfigurationTest"/>
  <testcase name="testReadConfigByURIInvalidURI" time="0.0" classname="sh.calaba.driver.server.CalabashNodeConfigurationTest"/>
  <testcase name="testReadConfigByURINullInput" time="0.0" classname="sh.calaba.driver.server.CalabashNodeConfigurationTest"/>
</testsuite>
