<?xml version="1.0" encoding="UTF-8"?>
<testng-results skipped="0" failed="0" total="1" passed="1">
  <reporter-output>
  </reporter-output>
  <suite name="Default suite" duration-ms="33" started-at="2012-11-30T16:48:03Z" finished-at="2012-11-30T16:48:03Z">
    <groups>
    </groups>
    <test name="Default test" duration-ms="33" started-at="2012-11-30T16:48:03Z" finished-at="2012-11-30T16:48:03Z">
      <class name="sh.calaba.driver.client.model.impl.RemoteObjectTest">
        <test-method status="PASS" signature="beforeTest()[pri:0, instance:sh.calaba.driver.client.model.impl.RemoteObjectTest@44d3db51]" name="beforeTest" is-config="true" duration-ms="11" started-at="2012-11-30T17:48:03Z" finished-at="2012-11-30T17:48:03Z">
          <reporter-output>
          </reporter-output>
        </test-method> <!-- beforeTest -->
        <test-method status="PASS" signature="testEncoding()[pri:0, instance:sh.calaba.driver.client.model.impl.RemoteObjectTest@44d3db51]" name="testEncoding" duration-ms="13" started-at="2012-11-30T17:48:03Z" finished-at="2012-11-30T17:48:03Z">
          <reporter-output>
          </reporter-output>
        </test-method> <!-- testEncoding -->
      </class> <!-- sh.calaba.driver.client.model.impl.RemoteObjectTest -->
    </test> <!-- Default test -->
  </suite> <!-- Default suite -->
</testng-results>
